Building DAG of jobs...
Provided cores: 1
Rules claiming more threads will be scaled down.
Job counts:
	count	jobs
	1	all
	1	samtobam
	1	sortbam
	3

rule samtobam:
    input: ../../data/toy.sam
    output: out/toy.bam
    jobid: 2
    wildcards: sample=toy

Finished job 2.
1 of 3 steps (33%) done

rule sortbam:
    input: out/toy.bam
    output: out/toy.sorted.bam
    jobid: 1
    wildcards: sample=toy

Error in rule sortbam:
    jobid: 1
    output: out/toy.sorted.bam

RuleException:
ValueError in line 23 of /home/kevin/Workflow_Comparison/Modularization/Snakemake/Snakefile:
Single '}' encountered in format string
  File "/home/kevin/Workflow_Comparison/Modularization/Snakemake/Snakefile", line 23, in __rule_sortbam
  File "/usr/lib/python3.5/string.py", line 191, in format
  File "/usr/lib/python3.5/string.py", line 195, in vformat
  File "/usr/lib/python3.5/string.py", line 205, in _vformat
  File "/usr/lib/python3.5/concurrent/futures/thread.py", line 55, in run
Will exit after finishing currently running jobs.
Exiting because a job execution failed. Look above for error message
Complete log: .snakemake/log/2017-11-05T010558.134035.snakemake.log
