Building DAG of jobs...
Provided cores: 1
Rules claiming more threads will be scaled down.
Job counts:
	count	jobs
	1	sortbam
	1

rule sortbam:
    input: toy.bam
    output: toy.sorted.bam
    jobid: 0
    wildcards: sample=toy

Error in rule sortbam:
    jobid: 0
    output: toy.sorted.bam

RuleException:
NameError in line 24 of /home/kevin/Workflow_Comparison/Modularization/Snakemake/Snakefile:
The name 'sample' is unknown in this context. Please make sure that you defined that variable. Also note that braces not used for variable access have to be escaped by repeating them, i.e. {{print $1}}
  File "/home/kevin/Workflow_Comparison/Modularization/Snakemake/Snakefile", line 24, in __rule_sortbam
  File "/usr/lib/python3.5/concurrent/futures/thread.py", line 55, in run
Will exit after finishing currently running jobs.
Exiting because a job execution failed. Look above for error message
Complete log: .snakemake/log/2017-11-05T003425.755532.snakemake.log
