Building DAG of jobs...
Provided cores: 1
Rules claiming more threads will be scaled down.
Job counts:
	count	jobs
	1	all
	1	samtobam
	1	sortbam
	3

rule samtobam:
    input: ../../data/toy.sam
    output: out/toy.bam
    jobid: 2
    wildcards: sample=toy

Finished job 2.
1 of 3 steps (33%) done

rule sortbam:
    input: out/toy.bam
    output: out/toy.sorted.bam
    jobid: 1
    wildcards: sample=toy

Waiting at most 5 seconds for missing files.
Will exit after finishing currently running jobs.
Exiting because a job execution failed. Look above for error message
Complete log: .snakemake/log/2017-11-05T010048.138208.snakemake.log
