Building DAG of jobs...
Relative file path './toy.sorted.bam' starts with './'. This is redundant and strongly discouraged. It can also lead to inconsistent results of the file-matching approach used by Snakemake. You can simply omit the './' for relative file paths.
Relative file path './toy.sorted.bam' starts with './'. This is redundant and strongly discouraged. It can also lead to inconsistent results of the file-matching approach used by Snakemake. You can simply omit the './' for relative file paths.
Relative file path './toy.sorted.bam' starts with './'. This is redundant and strongly discouraged. It can also lead to inconsistent results of the file-matching approach used by Snakemake. You can simply omit the './' for relative file paths.
Provided cores: 1
Rules claiming more threads will be scaled down.
Job counts:
	count	jobs
	1	all
	1	samtobam
	2

rule samtobam:
    input: ../../data/toy.sam
    output: ./toy.sorted.bam
    jobid: 1
    wildcards: samfile=toy.sorted

Error in rule samtobam:
    jobid: 1
    output: ./toy.sorted.bam

RuleException:
NameError in line 8 of /home/kevin/Workflow_Comparison/Modularization/Snakemake/SAM_to_BAM:
The name 'samfile' is unknown in this context. Please make sure that you defined that variable. Also note that braces not used for variable access have to be escaped by repeating them, i.e. {{print $1}}
  File "/home/kevin/Workflow_Comparison/Modularization/Snakemake/SAM_to_BAM", line 8, in __rule_samtobam
  File "/usr/lib/python3.5/concurrent/futures/thread.py", line 55, in run
Will exit after finishing currently running jobs.
Exiting because a job execution failed. Look above for error message
Complete log: .snakemake/log/2017-11-04T234712.832242.snakemake.log
