Building DAG of jobs...
Provided cores: 1
Rules claiming more threads will be scaled down.
Job counts:
	count	jobs
	1	all
	1	indexbam
	1	samtobam
	3

rule samtobam:
    input: ../../data/toy.sam
    output: out/toy.bam
    jobid: 2
    wildcards: sample=toy

Finished job 2.
1 of 3 steps (33%) done

rule indexbam:
    input: out/toy.bam
    output: out/toy.bai
    jobid: 1
    wildcards: sample=toy

Finished job 1.
2 of 3 steps (67%) done

localrule all:
    input: out/toy.bai
    jobid: 0

Finished job 0.
3 of 3 steps (100%) done
